Toolchain path: /home/aidanp/.esp/xtensa-lx106-elf/bin/xtensa-lx106-elf-gcc
Toolchain version: esp-2020r3-49-gd5524c1
Compiler version: 8.4.0
Python requirements from /home/aidanp/.esp/ESP8266_RTOS_SDK/requirements.txt are satisfied.
MONITOR

 ets Jan  8 2013,rst cause:2, boot mode:(3,7)

load 0x40100000, len 7536, room 16 
tail 0
chksum 0xcb
load 0x3ffe8408, len 24, room 8 
tail 0
chksum 0x72
load 0x3ffe8420, len 3468, room 8 
tail 4
chksum 0x17
csum 0x17
[0;32mI (44) boot: ESP-IDF v3.4-71-g7085cc76 2nd stage bootloader[0m
[0;32mI (44) boot: compile time 21:29:03[0m
[0;32mI (44) boot: SPI Speed      : 40MHz[0m
[0;32mI (50) boot: SPI Mode       : DOUT[0m
[0;32mI (57) boot: SPI Flash Size : 1MB[0m
[0;32mI (63) boot: Partition Table:[0m
[0;32mI (68) boot: ## Label            Usage          Type ST Offset   Length[0m
[0;32mI (79) boot:  0 nvs              WiFi data        01 02 00009000 00006000[0m
[0;32mI (91) boot:  1 phy_init         RF data          01 01 0000f000 00001000[0m
[0;32mI (102) boot:  2 factory          factory app      00 00 00010000 000f0000[0m
[0;32mI (114) boot: End of partition table[0m
[0;32mI (121) esp_image: segment 0: paddr=0x00010010 vaddr=0x40210010 size=0x16fa8 ( 94120) map[0m
[0;32mI (175) esp_image: segment 1: paddr=0x00026fc0 vaddr=0x40226fb8 size=0x05d10 ( 23824) map[0m
[0;32mI (186) esp_image: segment 2: paddr=0x0002ccd8 vaddr=0x3ffe8000 size=0x003dc (   988) load[0m
[0;32mI (187) esp_image: segment 3: paddr=0x0002d0bc vaddr=0x40100000 size=0x00080 (   128) load[0m
[0;32mI (200) esp_image: segment 4: paddr=0x0002d144 vaddr=0x40100080 size=0x04558 ( 17752) load[0m
[0;32mI (221) boot: Loaded app from partition at offset 0x10000[0m
[0;32mI (337) gpio: GPIO[0]| InputEn: 0| OutputEn: 1| OpenDrain: 1| Pullup: 1| Pulldown: 0| Intr:0 [0m
[0;32mI (339) gpio: GPIO[2]| InputEn: 0| OutputEn: 1| OpenDrain: 1| Pullup: 1| Pulldown: 0| Intr:0 [0m
[0;32mI (352) main: ADC Reading: 0.0 V (RAW VALUE: 0)[0m
[0;32mI (457) main: ADC Reading: 2.2147483648 V (RAW VALUE: 53349)[0m
[0;32mI (557) main: ADC Reading: 2.2147483648 V (RAW VALUE: 53349)[0m
[0;32mI (657) main: ADC Reading: 2.2147483648 V (RAW VALUE: 53349)[0m
[0;32mI (757) main: ADC Reading: 2.2147483648 V (RAW VALUE: 53349)[0m
[0;32mI (857) main: ADC Reading: 2.2147483648 V (RAW VALUE: 53349)[0m
[0;32mI (957) main: ADC Reading: 2.2147483648 V (RAW VALUE: 53349)[0m
[0;32mI (1057) main: ADC Reading: 2.2147483648 V (RAW VALUE: 53093)[0m
[0;32mI (1157) main: ADC Reading: 2.2147483648 V (RAW VALUE: 53349)[0m
[0;32mI (1257) main: ADC Reading: 2.2147483648 V (RAW VALUE: 53349)[0m
[0;32mI (1357) main: ADC Reading: 2.2147483648 V (RAW VALUE: 53093)[0m
[0;32mI (1457) main: ADC Reading: 2.2147483648 V (RAW VALUE: 53093)[0m
[0;32mI (1557) main: ADC Reading: 2.2147483648 V (RAW VALUE: 53093)[0m
[0;32mI (1657) main: ADC Reading: 2.2147483648 V (RAW VALUE: 53093)[0m
[0;32mI (1757) main: ADC Reading: 2.2147483648 V (RAW VALUE: 53093)[0m
[0;32mI (1857) main: ADC Reading: 2.2147483648 V (RAW VALUE: 53093)[0m
[0;32mI (1957) main: ADC Reading: 2.2147483648 V (RAW VALUE: 53093)[0m
[0;32mI (2057) main: ADC Reading: 2.2147483648 V (RAW VALUE: 53093)[0m
[0;32mI (2157) main: ADC Reading: 2.2147483648 V (RAW VALUE: 53093)[0m
[0;32mI (2257) main: ADC Reading: 2.2147483648 V (RAW VALUE: 53093)[0m
[0;32mI (2357) main: ADC Reading: 2.2147483648 V (RAW VALUE: 53093)[0m
[0;32mI (2457) main: ADC Reading: 2.2147483648 V (RAW VALUE: 52837)[0m
[0;32mI (2557) main: ADC Reading: 2.2147483648 V (RAW VALUE: 53093)[0m
[0;32mI (2657) main: ADC Reading: 2.2147483648 V (RAW VALUE: 53093)[0m
[0;32mI (2757) main: ADC Reading: 2.2147483648 V (RAW VALUE: 52837)[0m
[0;32mI (2857) main: ADC Reading: 2.2147483648 V (RAW VALUE: 53093)[0m
[0;32mI (2957) main: ADC Reading: 2.2147483648 V (RAW VALUE: 53093)[0m
[0;32mI (3057) main: ADC Reading: 2.2147483648 V (RAW VALUE: 52837)[0m
[0;32mI (3157) main: ADC Reading: 2.2147483648 V (RAW VALUE: 52837)[0m
[0;32mI (3257) main: ADC Reading: 2.2147483648 V (RAW VALUE: 52837)[0m
[0;32mI (3357) main: ADC Reading: 2.2147483648 V (RAW VALUE: 52837)[0m
[0;32mI (3457) main: ADC Reading: 2.2147483648 V (RAW VALUE: 53093)[0m
[0;32mI (3557) main: ADC Reading: 2.2147483648 V (RAW VALUE: 52837)[0m
[0;32mI (3657) main: ADC Reading: 2.2147483648 V (RAW VALUE: 52837)[0m
[0;32mI (3757) main: ADC Reading: 2.2147483648 V (RAW VALUE: 52837)[0m
[0;32mI (3857) main: ADC Reading: 2.2147483648 V (RAW VALUE: 52837)[0m
[0;32mI (3957) main: ADC Reading: 2.2147483648 V (RAW VALUE: 52837)[0m
[0;32mI (4057) main: ADC Reading: 2.2147483648 V (RAW VALUE: 52837)[0m
[0;32mI (4157) main: ADC Reading: 2.2147483648 V (RAW VALUE: 52581)[0m
[0;32mI (4257) main: ADC Reading: 3.3221225472 V (RAW VALUE: 60949)[0m
[0;32mI (4357) main: ADC Reading: 1.1073741824 V (RAW VALUE: 30994)[0m
[0;32mI (4457) main: ADC Reading: 2.2147483648 V (RAW VALUE: 53009)[0m
[0;32mI (4557) main: ADC Reading: 1.1073741824 V (RAW VALUE: 29201)[0m
[0;32mI (4657) main: ADC Reading: 1.1073741824 V (RAW VALUE: 34577)[0m
[0;32mI (4757) main: ADC Reading: 1.1073741824 V (RAW VALUE: 21778)[0m
[0;32mI (4857) main: ADC Reading: 2.2147483648 V (RAW VALUE: 48403)[0m
[0;32mI (4957) main: ADC Reading: 2.2147483648 V (RAW VALUE: 48147)[0m
[0;32mI (5057) main: ADC Reading: 1.1073741824 V (RAW VALUE: 28690)[0m
[0;32mI (5157) main: ADC Reading: 0.0 V (RAW VALUE: 14348)[0m
[0;32mI (5257) main: ADC Reading: 3.3221225472 V (RAW VALUE: 63743)[0m
[0;32mI (5357) main: ADC Reading: 3.3221225472 V (RAW VALUE: 63743)[0m
[0;32mI (5457) main: ADC Reading: 3.3221225472 V (RAW VALUE: 63743)[0m
[0;32mI (5557) main: ADC Reading: 3.3221225472 V (RAW VALUE: 63743)[0m
[0;32mI (5657) main: ADC Reading: 3.3221225472 V (RAW VALUE: 63743)[0m
[0;32mI (5757) main: ADC Reading: 3.3221225472 V (RAW VALUE: 63743)[0m
[0;32mI (5857) main: ADC Reading: 3.3221225472 V (RAW VALUE: 63743)[0m
[0;32mI (5957) main: ADC Reading: 3.3221225472 V (RAW VALUE: 63743)[0m
[0;32mI (6057) main: ADC Reading: 3.3221225472 V (RAW VALUE: 63743)[0m
[0;32mI (6157) main: ADC Reading: 3.3221225472 V (RAW VALUE: 63743)[0m
[0;32mI (6257) main: ADC Reading: 3.3221225472 V (RAW VALUE: 63743)[0m
[0;32mI (6357) main: ADC Reading: 3.3221225472 V (RAW VALUE: 63743)[0m
[0;32mI (6457) main: ADC Reading: 3.3221225472 V (RAW VALUE: 63743)[0m
[0;32mI (6557) main: ADC Reading: 3.3221225472 V (RAW VALUE: 63743)[0m
[0;32mI (6657) main: ADC Reading: 3.3221225472 V (RAW VALUE: 63743)[0m
[0;32mI (6757) main: ADC Reading: 3.3221225472 V (RAW VALUE: 63743)[0m
[0;32mI (6857) main: ADC Reading: 3.3221225472 V (RAW VALUE: 63743)[0m
[0;32mI (6957) main: ADC Reading: 3.3221225472 V (RAW VALUE: 63743)[0m
[0;32mI (7057) main: ADC Reading: 3.3221225472 V (RAW VALUE: 63743)[0m
[0;32mI (7157) main: ADC Reading: 3.3221225472 V (RAW VALUE: 63743)[0m
[0;32mI (7257) main: ADC Reading: 3.3221225472 V (RAW VALUE: 63743)[0m
[0;32mI (7357) main: ADC Reading: 3.3221225472 V (RAW VALUE: 63743)[0m
[0;32mI (7457) main: ADC Reading: 3.3221225472 V (RAW VALUE: 63999)[0m
[0;32mI (7557) main: ADC Reading: 3.3221225472 V (RAW VALUE: 63743)[0m
[0;32mI (7657) main: ADC Reading: 3.3221225472 V (RAW VALUE: 63743)[0m
[0;32mI (7757) main: ADC Reading: 3.3221225472 V (RAW VALUE: 63743)[0m
[0;32mI (7857) main: ADC Reading: 3.3221225472 V (RAW VALUE: 63743)[0m
[0;32mI (7957) main: ADC Reading: 3.3221225472 V (RAW VALUE: 63743)[0m
[0;32mI (8057) main: ADC Reading: 3.3221225472 V (RAW VALUE: 63743)[0m
[0;32mI (8157) main: ADC Reading: 3.3221225472 V (RAW VALUE: 63743)[0m
[0;32mI (8257) main: ADC Reading: 3.3221225472 V (RAW VALUE: 63743)[0m
[0;32mI (8357) main: ADC Reading: 3.3221225472 V (RAW VALUE: 63743)[0m
[0;32mI (8457) main: ADC Reading: 3.3221225472 V (RAW VALUE: 63743)[0m
[0;32mI (8557) main: ADC Reading: 3.3221225472 V (RAW VALUE: 63743)[0m
[0;32mI (8657) main: ADC Reading: 3.3221225472 V (RAW VALUE: 63743)[0m
[0;32mI (8757) main: ADC Reading: 3.3221225472 V (RAW VALUE: 63743)[0m
[0;32mI (8857) main: ADC Reading: 3.3221225472 V (RAW VALUE: 63743)[0m
[0;32mI (8957) main: ADC Reading: 3.3221225472 V (RAW VALUE: 63743)[0m
[0;32mI (9057) main: ADC Reading: 3.3221225472 V (RAW VALUE: 63743)[0m
[0;32mI (9158) main: ADC Reading: 3.3221225472 V (RAW VALUE: 63743)[0m
[0;32mI (9258) main: ADC Reading: 3.3221225472 V (RAW VALUE: 63743)[0m
[0;32mI (9358) main: ADC Reading: 3.3221225472 V (RAW VALUE: 63743)[0m
[0;32mI (9458) main: ADC Reading: 1.1073741824 V (RAW VALUE: 24855)[0m
[0;32mI (9558) main: ADC Reading: 0.0 V (RAW VALUE: 5143)[0m
[0;32mI (9658) main: ADC Reading: 1.1073741824 V (RAW VALUE: 34326)[0m
[0;32mI (9758) main: ADC Reading: 1.1073741824 V (RAW VALUE: 36373)[0m
[0;32mI (9858) main: ADC Reading: 0.0 V (RAW VALUE: 8468)[0m
[0;32mI (9958) main: ADC Reading: 1.1073741824 V (RAW VALUE: 23062)[0m
[0;32mI (10058) main: ADC Reading: 0.0 V (RAW VALUE: 18199)[0m
[0;32mI (10158) main: ADC Reading: 2.2147483648 V (RAW VALUE: 39959)[0m
[0;32mI (10258) main: ADC Reading: 1.1073741824 V (RAW VALUE: 37143)[0m
[0;32mI (10358) main: ADC Reading: 2.2147483648 V (RAW VALUE: 56342)[0m
[0;32mI (10458) main: ADC Reading: 2.2147483648 V (RAW VALUE: 40213)[0m
[0;32mI (10558) main: ADC Reading: 1.1073741824 V (RAW VALUE: 38441)[0m
[0;32mI (10658) main: ADC Reading: 1.1073741824 V (RAW VALUE: 38697)[0m
[0;32mI (10758) main: ADC Reading: 1.1073741824 V (RAW VALUE: 38697)[0m
[0;32mI (10858) main: ADC Reading: 1.1073741824 V (RAW VALUE: 38697)[0m
[0;32mI (10958) main: ADC Reading: 1.1073741824 V (RAW VALUE: 38697)[0m
[0;32mI (11058) main: ADC Reading: 1.1073741824 V (RAW VALUE: 38697)[0m
[0;32mI (11158) main: ADC Reading: 1.1073741824 V (RAW VALUE: 38441)[0m
[0;32mI (11258) main: ADC Reading: 1.1073741824 V (RAW VALUE: 38697)[0m
[0;32mI (11358) main: ADC Reading: 1.1073741824 V (RAW VALUE: 38697)[0m
[0;32mI (11458) main: ADC Reading: 1.1073741824 V (RAW VALUE: 38697)[0m
[0;32mI (11558) main: ADC Reading: 1.1073741824 V (RAW VALUE: 38697)[0m
[0;32mI (11658) main: ADC Reading: 1.1073741824 V (RAW VALUE: 38697)[0m
[0;32mI (11758) main: ADC Reading: 1.1073741824 V (RAW VALUE: 38697)[0m
[0;32mI (11858) main: ADC Reading: 1.1073741824 V (RAW VALUE: 38441)[0m
[0;32mI (11958) main: ADC Reading: 1.1073741824 V (RAW VALUE: 38697)[0m
[0;32mI (12058) main: ADC Reading: 1.1073741824 V (RAW VALUE: 38697)[0m
[0;32mI (12158) main: ADC Reading: 1.1073741824 V (RAW VALUE: 38441)[0m
[0;32mI (12258) main: ADC Reading: 1.1073741824 V (RAW VALUE: 38697)[0m
[0;32mI (12358) main: ADC Reading: 1.1073741824 V (RAW VALUE: 38697)[0m
[0;32mI (12458) main: ADC Reading: 1.1073741824 V (RAW VALUE: 38441)[0m
[0;32mI (12558) main: ADC Reading: 1.1073741824 V (RAW VALUE: 38441)[0m
[0;32mI (12658) main: ADC Reading: 1.1073741824 V (RAW VALUE: 38697)[0m
[0;32mI (12758) main: ADC Reading: 1.1073741824 V (RAW VALUE: 38441)[0m
[0;32mI (12858) main: ADC Reading: 1.1073741824 V (RAW VALUE: 38697)[0m
[0;32mI (12958) main: ADC Reading: 1.1073741824 V (RAW VALUE: 38697)[0m
[0;32mI (13058) main: ADC Reading: 1.1073741824 V (RAW VALUE: 38441)[0m
[0;32mI (13158) main: ADC Reading: 1.1073741824 V (RAW VALUE: 38441)[0m
[0;32mI (13258) main: ADC Reading: 1.1073741824 V (RAW VALUE: 38441)[0m
[0;32mI (13358) main: ADC Reading: 1.1073741824 V (RAW VALUE: 38441)[0m
[0;32mI (13458) main: ADC Reading: 1.1073741824 V (RAW VALUE: 38441)[0m
[0;32mI (13558) main: ADC Reading: 1.1073741824 V (RAW VALUE: 38697)[0m
[0;32mI (13658) main: ADC Reading: 1.1073741824 V (RAW VALUE: 38441)[0m
[0;32mI (13758) main: ADC Reading: 1.1073741824 V (RAW VALUE: 38441)[0m
[0;32mI (13858) main: ADC Reading: 1.1073741824 V (RAW VALUE: 38441)[0m
[0;32mI (13958) main: ADC Reading: 1.1073741824 V (RAW VALUE: 38441)[0m
[0;32mI (14058) main: ADC Reading: 1.1073741824 V (RAW VALUE: 38441)[0m
[0;32mI (14158) main: ADC Reading: 1.1073741824 V (RAW VALUE: 38441)[0m
[0;32mI (14258) main: ADC Reading: 1.1073741824 V (RAW VALUE: 38441)[0m
[0;32mI (14358) main: ADC Reading: 1.1073741824 V (RAW VALUE: 38441)[0m
[0;32mI (14458) main: ADC Reading: 1.1073741824 V (RAW VALUE: 38185)[0m
[0;32mI (14558) main: ADC Reading: 1.1073741824 V (RAW VALUE: 38185)[0m
[0;32mI (14658) main: ADC Reading: 2.2147483648 V (RAW VALUE: 39977)[0m
[0;32mI (14758) main: ADC Reading: 2.2147483648 V (RAW VALUE: 42281)[0m
[0;32mI (14858) main: ADC Reading: 1.1073741824 V (RAW VALUE: 38953)[0m
[0;32mI (14958) main: ADC Reading: 1.1073741824 V (RAW VALUE: 38953)[0m
[0;32mI (15058) main: ADC Reading: 1.1073741824 V (RAW VALUE: 37673)[0m
[0;32mI (15158) main: ADC Reading: 1.1073741824 V (RAW VALUE: 31529)[0m
[0;32mI (15258) main: ADC Reading: 0.0 V (RAW VALUE: 10793)[0m
[0;32mI (15358) main: ADC Reading: 0.0 V (RAW VALUE: 4392)[0m
[0;32mI (15458) main: ADC Reading: 0.0 V (RAW VALUE: 11045)[0m
[0;32mI (15558) main: ADC Reading: 0.0 V (RAW VALUE: 5147)[0m
[0;32mI (15658) main: ADC Reading: 1.1073741824 V (RAW VALUE: 25615)[0m
[0;32mI (15758) main: ADC Reading: 0.0 V (RAW VALUE: 9216)[0m
[0;32mI (15858) main: ADC Reading: 0.0 V (RAW VALUE: 256)[0m
[0;32mI (15958) main: ADC Reading: 0.0 V (RAW VALUE: 256)[0m
[0;32mI (16058) main: ADC Reading: 0.0 V (RAW VALUE: 256)[0m
[0;32mI (16158) main: ADC Reading: 0.0 V (RAW VALUE: 256)[0m
[0;32mI (16258) main: ADC Reading: 0.0 V (RAW VALUE: 256)[0m
[0;32mI (16358) main: ADC Reading: 0.0 V (RAW VALUE: 256)[0m
[0;32mI (16458) main: ADC Reading: 0.0 V (RAW VALUE: 256)[0m
[0;32mI (16558) main: ADC Reading: 0.0 V (RAW VALUE: 256)[0m
[0;32mI (16658) main: ADC Reading: 0.0 V (RAW VALUE: 256)[0m
[0;32mI (16758) main: ADC Reading: 0.0 V (RAW VALUE: 256)[0m
[0;32mI (16858) main: ADC Reading: 0.0 V (RAW VALUE: 256)[0m
[0;32mI (16958) main: ADC Reading: 0.0 V (RAW VALUE: 256)[0m
[0;32mI (17058) main: ADC Reading: 0.0 V (RAW VALUE: 256)[0m
[0;32mI (17158) main: ADC Reading: 0.0 V (RAW VALUE: 256)[0m
[0;32mI (17258) main: ADC Reading: 0.0 V (RAW VALUE: 256)[0m
[0;32mI (17358) main: ADC Reading: 0.0 V (RAW VALUE: 256)[0m
[0;32mI (17458) main: ADC Reading: 0.0 V (RAW VALUE: 256)[0m
[0;32mI (17558) main: ADC Reading: 0.0 V (RAW VALUE: 256)[0m
[0;32mI (17658) main: ADC Reading: 0.0 V (RAW VALUE: 256)[0m
[0;32mI (17758) main: ADC Reading: 0.0 V (RAW VALUE: 256)[0m
[0;32mI (17858) main: ADC Reading: 0.0 V (RAW VALUE: 256)[0m
[0;32mI (17958) main: ADC Reading: 0.0 V (RAW VALUE: 9240)[0m
[0;32mI (18058) main: ADC Reading: 1.1073741824 V (RAW VALUE: 36139)[0m
[0;32mI (18158) main: ADC Reading: 3.3221225472 V (RAW VALUE: 60230)[0m
[0;32mI (18258) main: ADC Reading: 0.0 V (RAW VALUE: 10585)[0m
[0;32mI (18358) main: ADC Reading: 2.2147483648 V (RAW VALUE: 58204)[0m
[0;32mI (18458) main: ADC Reading: 1.1073741824 V (RAW VALUE: 35933)[0m
[0;32mI (18558) main: ADC Reading: 2.2147483648 V (RAW VALUE: 43613)[0m
[0;32mI (18658) main: ADC Reading: 2.2147483648 V (RAW VALUE: 51549)[0m
[0;32mI (18758) main: ADC Reading: 2.2147483648 V (RAW VALUE: 48477)[0m
[0;32mI (18858) main: ADC Reading: 2.2147483648 V (RAW VALUE: 44637)[0m
[0;32mI (18958) main: ADC Reading: 2.2147483648 V (RAW VALUE: 51549)[0m
[0;32mI (19058) main: ADC Reading: 0.0 V (RAW VALUE: 16993)[0m
[0;32mI (19159) main: ADC Reading: 2.2147483648 V (RAW VALUE: 56421)[0m
[0;32mI (19259) main: ADC Reading: 2.2147483648 V (RAW VALUE: 56421)[0m
[0;32mI (19359) main: ADC Reading: 2.2147483648 V (RAW VALUE: 56421)[0m
[0;32mI (19459) main: ADC Reading: 2.2147483648 V (RAW VALUE: 56421)[0m
[0;32mI (19559) main: ADC Reading: 2.2147483648 V (RAW VALUE: 56421)[0m
[0;32mI (19659) main: ADC Reading: 2.2147483648 V (RAW VALUE: 56421)[0m
[0;32mI (19759) main: ADC Reading: 2.2147483648 V (RAW VALUE: 56421)[0m
[0;32mI (19859) main: ADC Reading: 2.2147483648 V (RAW VALUE: 56421)[0m
[0;32mI (19959) main: ADC Reading: 2.2147483648 V (RAW VALUE: 56421)[0m
[0;32mI (20059) main: ADC Reading: 2.2147483648 V (RAW VALUE: 56421)[0m
[0;32mI (20159) main: ADC Reading: 2.2147483648 V (RAW VALUE: 56421)[0m
[0;32mI (20259) main: ADC Reading: 2.2147483648 V (RAW VALUE: 56421)[0m
[0;32mI (20359) main: ADC Reading: 2.2147483648 V (RAW VALUE: 56421)[0m
[0;32mI (20459) main: ADC Reading: 2.2147483648 V (RAW VALUE: 56421)[0m
[0;32mI (20559) main: ADC Reading: 2.2147483648 V (RAW VALUE: 56421)[0m
[0;32mI (20659) main: ADC Reading: 2.2147483648 V (RAW VALUE: 56421)[0m
[0;32mI (20759) main: ADC Reading: 2.2147483648 V (RAW VALUE: 56421)[0m
[0;32mI (20859) main: ADC Reading: 2.2147483648 V (RAW VALUE: 56421)[0m
[0;32mI (20959) main: ADC Reading: 2.2147483648 V (RAW VALUE: 56421)[0m
[0;32mI (21059) main: ADC Reading: 2.2147483648 V (RAW VALUE: 56421)[0m
[0;32mI (21159) main: ADC Reading: 2.2147483648 V (RAW VALUE: 56421)[0m
[0;32mI (21259) main: ADC Reading: 2.2147483648 V (RAW VALUE: 56165)[0m
[0;32mI (21359) main: ADC Reading: 0.0 V (RAW VALUE: 598)[0m
[0;32mI (21459) main: ADC Reading: 0.0 V (RAW VALUE: 14164)[0m
[0;32mI (21559) main: ADC Reading: 0.0 V (RAW VALUE: 12116)[0m
[0;32mI (21659) main: ADC Reading: 0.0 V (RAW VALUE: 9812)[0m
[0;32mI (21759) main: ADC Reading: 0.0 V (RAW VALUE: 340)[0m
[0;32mI (21859) main: ADC Reading: 3.3221225472 V (RAW VALUE: 61523)[0m
[0;32mI (21959) main: ADC Reading: 3.3221225472 V (RAW VALUE: 61779)[0m
[0;32mI (22059) main: ADC Reading: 3.3221225472 V (RAW VALUE: 62035)[0m
[0;32mI (22159) main: ADC Reading: 3.3221225472 V (RAW VALUE: 62547)[0m
[0;32mI (22259) main: ADC Reading: 3.3221225472 V (RAW VALUE: 62803)[0m
[0;32mI (22359) main: ADC Reading: 3.3221225472 V (RAW VALUE: 62803)[0m
[0;32mI (22459) main: ADC Reading: 3.3221225472 V (RAW VALUE: 63059)[0m
[0;32mI (22559) main: ADC Reading: 3.3221225472 V (RAW VALUE: 63315)[0m
[0;32mI (22659) main: ADC Reading: 3.3221225472 V (RAW VALUE: 63059)[0m
[0;32mI (22759) main: ADC Reading: 3.3221225472 V (RAW VALUE: 62803)[0m
[0;32mI (22859) main: ADC Reading: 3.3221225472 V (RAW VALUE: 62803)[0m
[0;32mI (22959) main: ADC Reading: 3.3221225472 V (RAW VALUE: 62803)[0m
[0;32mI (23059) main: ADC Reading: 3.3221225472 V (RAW VALUE: 62803)[0m
[0;32mI (23159) main: ADC Reading: 3.3221225472 V (RAW VALUE: 62803)[0m
[0;32mI (23259) main: ADC Reading: 3.3221225472 V (RAW VALUE: 63059)[0m
[0;32mI (23359) main: ADC Reading: 3.3221225472 V (RAW VALUE: 63059)[0m
[0;32mI (23459) main: ADC Reading: 3.3221225472 V (RAW VALUE: 62803)[0m
[0;32mI (23559) main: ADC Reading: 3.3221225472 V (RAW VALUE: 62803)[0m
[0;32mI (23659) main: ADC Reading: 3.3221225472 V (RAW VALUE: 60499)[0m
[0;32mI (23759) main: ADC Reading: 3.3221225472 V (RAW VALUE: 61267)[0m
[0;32mI (23859) main: ADC Reading: 3.3221225472 V (RAW VALUE: 61523)[0m
[0;32mI (23959) main: ADC Reading: 3.3221225472 V (RAW VALUE: 62035)[0m
[0;32mI (24059) main: ADC Reading: 3.3221225472 V (RAW VALUE: 61779)[0m
[0;32mI (24159) main: ADC Reading: 3.3221225472 V (RAW VALUE: 61779)[0m
[0;32mI (24259) main: ADC Reading: 3.3221225472 V (RAW VALUE: 60499)[0m
[0;32mI (24359) main: ADC Reading: 3.3221225472 V (RAW VALUE: 61011)[0m
[0;32mI (24459) main: ADC Reading: 3.3221225472 V (RAW VALUE: 61267)[0m
[0;32mI (24559) main: ADC Reading: 3.3221225472 V (RAW VALUE: 61011)[0m
[0;32mI (24659) main: ADC Reading: 3.3221225472 V (RAW VALUE: 62291)[0m
[0;32mI (24759) main: ADC Reading: 3.3221225472 V (RAW VALUE: 62291)[0m
[0;32mI (24859) main: ADC Reading: 3.3221225472 V (RAW VALUE: 62547)[0m
[0;32mI (24959) main: ADC Reading: 3.3221225472 V (RAW VALUE: 62803)[0m
[0;32mI (25059) main: ADC Reading: 3.3221225472 V (RAW VALUE: 62803)[0m
[0;32mI (25159) main: ADC Reading: 3.3221225472 V (RAW VALUE: 62547)[0m
[0;32mI (25259) main: ADC Reading: 3.3221225472 V (RAW VALUE: 62547)[0m
[0;32mI (25359) main: ADC Reading: 3.3221225472 V (RAW VALUE: 62547)[0m
[0;32mI (25459) main: ADC Reading: 3.3221225472 V (RAW VALUE: 63571)[0m
[0;32mI (25559) main: ADC Reading: 3.3221225472 V (RAW VALUE: 64083)[0m
[0;32mI (25659) main: ADC Reading: 1.1073741824 V (RAW VALUE: 32339)[0m
[0;32mI (25759) main: ADC Reading: 2.2147483648 V (RAW VALUE: 57934)[0m
[0;32mI (25859) main: ADC Reading: 0.0 V (RAW VALUE: 6476)[0m
[0;32mI (25959) main: ADC Reading: 1.1073741824 V (RAW VALUE: 38730)[0m
[0;32mI (26059) main: ADC Reading: 0.0 V (RAW VALUE: 16202)[0m
[0;32mI (26159) main: ADC Reading: 0.0 V (RAW VALUE: 14666)[0m
[0;32mI (26259) main: ADC Reading: 1.1073741824 V (RAW VALUE: 23114)[0m
[0;32mI (26359) main: ADC Reading: 1.1073741824 V (RAW VALUE: 27722)[0m
[0;32mI (26459) main: ADC Reading: 1.1073741824 V (RAW VALUE: 27978)[0m
[0;32mI (26559) main: ADC Reading: 1.1073741824 V (RAW VALUE: 28490)[0m
[0;32mI (26659) main: ADC Reading: 1.1073741824 V (RAW VALUE: 26186)[0m
[0;32mI (26759) main: ADC Reading: 1.1073741824 V (RAW VALUE: 29258)[0m
[0;32mI (26859) main: ADC Reading: 1.1073741824 V (RAW VALUE: 24906)[0m
[0;32mI (26959) main: ADC Reading: 1.1073741824 V (RAW VALUE: 23882)[0m
[0;32mI (27059) main: ADC Reading: 1.1073741824 V (RAW VALUE: 28490)[0m
[0;32mI (27159) main: ADC Reading: 1.1073741824 V (RAW VALUE: 27978)[0m
[0;32mI (27259) main: ADC Reading: 1.1073741824 V (RAW VALUE: 28234)[0m
[0;32mI (27359) main: ADC Reading: 1.1073741824 V (RAW VALUE: 27466)[0m
[0;32mI (27459) main: ADC Reading: 1.1073741824 V (RAW VALUE: 26442)[0m
[0;32mI (27559) main: ADC Reading: 1.1073741824 V (RAW VALUE: 27978)[0m
[0;32mI (27659) main: ADC Reading: 1.1073741824 V (RAW VALUE: 26186)[0m
[0;32mI (27759) main: ADC Reading: 1.1073741824 V (RAW VALUE: 27722)[0m
[0;32mI (27859) main: ADC Reading: 1.1073741824 V (RAW VALUE: 26186)[0m
[0;32mI (27959) main: ADC Reading: 1.1073741824 V (RAW VALUE: 26186)[0m
[0;32mI (28059) main: ADC Reading: 1.1073741824 V (RAW VALUE: 26442)[0m
[0;32mI (28159) main: ADC Reading: 1.1073741824 V (RAW VALUE: 30282)[0m
[0;32mI (28259) main: ADC Reading: 1.1073741824 V (RAW VALUE: 29258)[0m
[0;32mI (28359) main: ADC Reading: 1.1073741824 V (RAW VALUE: 28234)[0m
[0;32mI (28459) main: ADC Reading: 1.1073741824 V (RAW VALUE: 29002)[0m
[0;32mI (28559) main: ADC Reading: 1.1073741824 V (RAW VALUE: 28490)[0m
[0;32mI (28659) main: ADC Reading: 1.1073741824 V (RAW VALUE: 29514)[0m
[0;32mI (28759) main: ADC Reading: 1.1073741824 V (RAW VALUE: 27978)[0m
[0;32mI (28859) main: ADC Reading: 1.1073741824 V (RAW VALUE: 27978)[0m
[0;32mI (28959) main: ADC Reading: 1.1073741824 V (RAW VALUE: 25674)[0m
[0;32mI (29059) main: ADC Reading: 1.1073741824 V (RAW VALUE: 25930)[0m
[0;32mI (29160) main: ADC Reading: 1.1073741824 V (RAW VALUE: 27466)[0m
[0;32mI (29260) main: ADC Reading: 1.1073741824 V (RAW VALUE: 27722)[0m
[0;32mI (29360) main: ADC Reading: 1.1073741824 V (RAW VALUE: 27978)[0m
[0;32mI (29460) main: ADC Reading: 1.1073741824 V (RAW VALUE: 28746)[0m
[0;32mI (29560) main: ADC Reading: 1.1073741824 V (RAW VALUE: 27978)[0m
[0;32mI (29660) main: ADC Reading: 1.1073741824 V (RAW VALUE: 33866)[0m
[0;32mI (29760) main: ADC Reading: 1.1073741824 V (RAW VALUE: 20810)[0m
[0;32mI (29860) main: ADC Reading: 2.2147483648 V (RAW VALUE: 57160)[0m
[0;32mI (29960) main: ADC Reading: 1.1073741824 V (RAW VALUE: 33346)[0m
[0;32mI (30060) main: ADC Reading: 0.0 V (RAW VALUE: 12349)[0m
[0;32mI (30160) main: ADC Reading: 0.0 V (RAW VALUE: 11821)[0m
[0;32mI (30260) main: ADC Reading: 0.0 V (RAW VALUE: 512)[0m
[0;32mI (30360) main: ADC Reading: 0.0 V (RAW VALUE: 256)[0m
[0;32mI (30460) main: ADC Reading: 0.0 V (RAW VALUE: 256)[0m
[0;32mI (30560) main: ADC Reading: 0.0 V (RAW VALUE: 256)[0m
[0;32mI (30660) main: ADC Reading: 0.0 V (RAW VALUE: 256)[0m
[0;32mI (30760) main: ADC Reading: 0.0 V (RAW VALUE: 256)[0m
[0;32mI (30860) main: ADC Reading: 0.0 V (RAW VALUE: 512)[0m
[0;32mI (30960) main: ADC Reading: 0.0 V (RAW VALUE: 256)[0m
[0;32mI (31060) main: ADC Reading: 0.0 V (RAW VALUE: 256)[0m
[0;32mI (31160) main: ADC Reading: 0.0 V (RAW VALUE: 256)[0m
[0;32mI (31260) main: ADC Reading: 0.0 V (RAW VALUE: 512)[0m
[0;32mI (31360) main: ADC Reading: 0.0 V (RAW VALUE: 256)[0m
[0;32mI (31460) main: ADC Reading: 0.0 V (RAW VALUE: 256)[0m
[0;32mI (31560) main: ADC Reading: 0.0 V (RAW VALUE: 512)[0m
[0;32mI (31660) main: ADC Reading: 0.0 V (RAW VALUE: 256)[0m
[0;32mI (31760) main: ADC Reading: 0.0 V (RAW VALUE: 256)[0m
[0;32mI (31860) main: ADC Reading: 0.0 V (RAW VALUE: 256)[0m
[0;32mI (31960) main: ADC Reading: 0.0 V (RAW VALUE: 512)[0m
[0;32mI (32060) main: ADC Reading: 0.0 V (RAW VALUE: 256)[0m
[0;32mI (32160) main: ADC Reading: 0.0 V (RAW VALUE: 256)[0m
[0;32mI (32260) main: ADC Reading: 0.0 V (RAW VALUE: 256)[0m
[0;32mI (32360) main: ADC Reading: 0.0 V (RAW VALUE: 256)[0m
[0;32mI (32460) main: ADC Reading: 0.0 V (RAW VALUE: 256)[0m
[0;32mI (32560) main: ADC Reading: 0.0 V (RAW VALUE: 256)[0m
[0;32mI (32660) main: ADC Reading: 0.0 V (RAW VALUE: 256)[0m
[0;32mI (32760) main: ADC Reading: 0.0 V (RAW VALUE: 256)[0m
[0;32mI (32860) main: ADC Reading: 0.0 V (RAW VALUE: 256)[0m
[0;32mI (32960) main: ADC Reading: 0.0 V (RAW VALUE: 256)[0m
[0;32mI (33060) main: ADC Reading: 0.0 V (RAW VALUE: 256)[0m
[0;32mI (33160) main: ADC Reading: 0.0 V (RAW VALUE: 512)[0m
[0;32mI (33260) main: ADC Reading: 0.0 V (RAW VALUE: 256)[0m
[0;32mI (33360) main: ADC Reading: 0.0 V (RAW VALUE: 256)[0m
[0;32mI (33460) main: ADC Reading: 0.0 V (RAW VALUE: 256)[0m
[0;32mI (33560) main: ADC Reading: 0.0 V (RAW VALUE: 256)[0m
[0;32mI (33660) main: ADC Reading: 0.0 V (RAW VALUE: 256)[0m
[0;32mI (33760) main: ADC Reading: 0.0 V (RAW VALUE: 256)[0m
[0;32mI (33860) main: ADC Reading: 0.0 V (RAW VALUE: 256)[0m
[0;32mI (33960) main: ADC Reading: 0.0 V (RAW VALUE: 256)[0m
[0;32mI (34060) main: ADC Reading: 0.0 V (RAW VALUE: 256)[0m
